
ASEM-51 V1.3                                         Copyright (c) 2002 by W.W. Heinz                                         PAGE 1





       MCS-51 Family Macro Assembler   A S E M - 5 1   V 1.3
       =====================================================



	Source File:	E:\praktikum\prak sismik\uts-praksismik.asm
	Object File:	E:\praktikum\prak sismik\uts-praksismik.hex
	List File:	E:\praktikum\prak sismik\uts-praksismik.lst



 Line  I  Addr  Code            Source

    1:		N      0000	ORG 00H
    2:	  0000	12 00 07	CALL LAYAR
    3:	  0003	12 01 71	CALL LAMPU
    4:	  0006	22		RET
    5:				;-------------------------------------------
    6:	  0007			LAYAR:
    7:	  0007	21 00		AJMP MULAI
    8:
    9:				;=======LCD KONSTANTA======
   10:		N      0001	DISPCLR EQU 00000001B
   11:		N      0038	FUNCSET EQU 00111000B
   12:		N      0006	ENTRMOD EQU 00000110B
   13:		N      000C	DISPON EQU 00001100B
   14:
   15:		N      0100	ORG 100H
   16:	  0100			MULAI:
   17:	  0100	12 01 22	LCALL INITLCD
   18:	  0103	74 80		MOV A,#80H
   19:	  0105	12 01 0E	CALL INSTLCD
   20:	  0108	90 01 5E	MOV DPTR,#TULISAN
   21:	  010B	12 01 50	CALL LCDSTRING
   22:
   23:					;**LCD**
   24:	  010E				  INSTLCD:
   25:	  010E	C2 B2			  CLR P3.2
   26:	  0110	80 04			  SJMP LCDOUT
   27:	  0112	D2 B2			  DATALCD:SETB P3.2
   28:	  0114	80 00			  SJMP LCDOUT
   29:	  0116	F5 90			  LCDOUT: MOV P1,A
   30:	  0118	D2 B3			  SETB P3.3
   31:	  011A	C2 B3			  CLR P3.3
   32:	  011C	D2 B3			  SETB P3.3
   33:	  011E	12 01 55		  LCALL DELAY4
   34:	  0121	22			  RET
   35:					;**INISIALISASI LCD**
   36:	  0122				  INITLCD:
   37:	  0122	74 01			  MOV A,#DISPCLR
   38:	  0124	12 01 0E		  LCALL INSTLCD
   39:	  0127	12 01 55		  LCALL DELAY4
   40:	  012A	74 38			  MOV A,#FUNCSET
   41:	  012C	12 01 0E		  LCALL INSTLCD
   42:	  012F	12 01 55		  LCALL DELAY4
   43:	  0132	74 0C			  MOV A,#DISPON

ASEM-51 V1.3                                         Copyright (c) 2002 by W.W. Heinz                                         PAGE 2



 Line  I  Addr  Code            Source

   44:	  0134	12 01 0E		  LCALL INSTLCD
   45:	  0137	12 01 55		  LCALL DELAY4
   46:	  013A	74 06			  MOV A,#ENTRMOD
   47:	  013C	12 01 0E		  LCALL INSTLCD
   48:	  013F	12 01 55		  LCALL DELAY4
   49:	  0142	22			  RET
   50:					;**DATA KE LCD**
   51:	  0143				  WR_DT:
   52:	  0143	24 30			  ADD A,#30H
   53:	  0145	12 01 12		  LCALL DATALCD
   54:	  0148	12 01 55		  LCALL DELAY4
   55:	  014B	22			  RET
   56:					;**CETAK TULISAN**
   57:	  014C				  PRINTSTRINGLOOP:
   58:	  014C	12 01 12		  LCALL DATALCD
   59:	  014F	A3			  INC DPTR
   60:	  0150				  LCDSTRING:
   61:	  0150	E4			  CLR A
   62:	  0151	93			  MOVC A,@A+DPTR
   63:	  0152	70 F8			  JNZ PRINTSTRINGLOOP
   64:	  0154	22			  RET
   65:					;**DELAY**
   66:	  0155				  DELAY4:
   67:	  0155	AE 00			  MOV R6,0
   68:	  0157				  MUTER:
   69:	  0157	AF 05			  MOV R7,KEDIP
   70:	  0159	DF FE			  DJNZ R7,$
   71:	  015B	DE FA			  DJNZ R6,MUTER
   72:	  015D	22			  RET
   73:					;**TULISAN**
   74:	  015E				  TULISAN:
   75:	  015E	20 20 20 55		  DB '   UTS SISMIK   ',0
	  0162	54 53 20 53
	  0166	49 53 4D 49
	  016A	4B 20 20 20
	  016E	00
   76:	  016F	22			  RET
   77:				;=========================
   78:	  0170	22		RET
   79:				;------------------------------
   80:	  0171			LAMPU:
   81:		N      0005		KEDIP EQU 5
   82:		N      D8F0	      	KEDIP2 EQU -10000
   83:	  0171	75 89 01	      	MOV TMOD, #01H
   84:	  0174			      	START :
   85:	  0174	75 80 FE	      		MOV P0,#11111110B
   86:	  0177	31 C6				ACALL DELAY
   87:	  0179	75 80 FD			MOV P0,#11111101B
   88:	  017C	31 C6				ACALL DELAY
   89:	  017E	75 80 FB			MOV P0,#11111011B
   90:	  0181	31 C6				ACALL DELAY
   91:	  0183	75 80 F7			MOV P0,#11110111B
   92:	  0186	31 C6				ACALL DELAY
   93:	  0188	75 80 EF			MOV P0,#11101111B
   94:	  018B	31 C6				ACALL DELAY
   95:	  018D	75 80 DF			MOV P0,#11011111B

ASEM-51 V1.3                                         Copyright (c) 2002 by W.W. Heinz                                         PAGE 3



 Line  I  Addr  Code            Source

   96:	  0190	31 C6				ACALL DELAY
   97:	  0192	75 80 BF			MOV P0,#10111111B
   98:	  0195	31 C6				ACALL DELAY
   99:	  0197	75 80 7F			MOV P0,#01111111B
  100:	  019A	31 C6				ACALL DELAY
  101:	  019C	75 80 7E			MOV P0,#01111110B
  102:	  019F	31 C6				ACALL DELAY
  103:	  01A1	75 80 BD			MOV P0,#10111101B
  104:	  01A4	31 C6				ACALL DELAY
  105:	  01A6	75 80 DB			MOV P0,#11011011B
  106:	  01A9	31 C6				ACALL DELAY
  107:	  01AB	75 80 E7			MOV P0,#11100111B
  108:	  01AE	31 C6				ACALL DELAY
  109:	  01B0	75 80 18			MOV P0,#00011000B
  110:	  01B3	31 C6				ACALL DELAY
  111:	  01B5	75 80 24			MOV P0,#00100100B
  112:	  01B8	31 C6				ACALL DELAY
  113:	  01BA	75 80 42			MOV P0,#01000010B
  114:	  01BD	31 C6				ACALL DELAY
  115:	  01BF	75 80 81			MOV P0,#10000001B
  116:	  01C2	31 C6				ACALL DELAY
  117:	  01C4	80 AE				SJMP START
  118:	  01C6	78 05			DELAY  : MOV R0,#KEDIP
  119:	  01C8	85 D8 8C		DELAY2 : MOV TH0,HIGH KEDIP2
  120:	  01CB	85 F0 8A			 MOV Tl0,LOW KEDIP2
  121:	  01CE	D2 8C				 SETB TR0
  122:	  01D0	30 8D FD		DELAY3 : JNB TF0,DELAY3
  123:	  01D3	C2 8D				 CLR TF0
  124:	  01D5	C2 8D				 CLR TF0
  125:	  01D7	D8 EF				 DJNZ R0,DELAY2
  126:	  01D9	22				 RET
  127:
  128:				END





                     register banks used:  ---

                     no errors




ASEM-51 V1.3                                         Copyright (c) 2002 by W.W. Heinz                                         PAGE 4





	       L I S T   O F   S Y M B O L S
	       =============================


SYMBOL				  TYPE     VALUE	LINE
------------------------------------------------------------
??ASEM_51			  NUMBER    8051
??VERSION			  NUMBER    0130
AC				  BIT	      D6
ACC				  DATA	      E0
B				  DATA	      F0
CY				  BIT	      D7
DATALCD				  CODE	    0112	  27
DELAY				  CODE	    01C6	 118
DELAY2				  CODE	    01C8	 119
DELAY3				  CODE	    01D0	 122
DELAY4				  CODE	    0155	  66
DISPCLR				  NUMBER    0001	  10
DISPON				  NUMBER    000C	  13
DPH				  DATA	      83
DPL				  DATA	      82
EA				  BIT	      AF
ENTRMOD				  NUMBER    0006	  12
ES				  BIT	      AC
ET0				  BIT	      A9
ET1				  BIT	      AB
EX0				  BIT	      A8
EX1				  BIT	      AA
EXTI0				  CODE	    0003
EXTI1				  CODE	    0013
F0				  BIT	      D5
FUNCSET				  NUMBER    0038	  11
IE				  DATA	      A8
IE0				  BIT	      89
IE1				  BIT	      8B
INITLCD				  CODE	    0122	  36
INSTLCD				  CODE	    010E	  24
INT0				  BIT	      B2
INT1				  BIT	      B3
IP				  DATA	      B8
IT0				  BIT	      88
IT1				  BIT	      8A
KEDIP				  NUMBER    0005	  81
KEDIP2				  NUMBER    D8F0	  82
LAMPU				  CODE	    0171	  80
LAYAR				  CODE	    0007	   6
LCDOUT				  CODE	    0116	  29
LCDSTRING			  CODE	    0150	  60
MULAI				  CODE	    0100	  16
MUTER				  CODE	    0157	  68
OV				  BIT	      D2
P				  BIT	      D0
P0				  DATA	      80
P1				  DATA	      90
P2				  DATA	      A0
P3				  DATA	      B0

ASEM-51 V1.3                                         Copyright (c) 2002 by W.W. Heinz                                         PAGE 5



SYMBOL				  TYPE     VALUE	LINE
------------------------------------------------------------
PCON				  DATA	      87
PRINTSTRINGLOOP			  CODE	    014C	  57
PS				  BIT	      BC
PSW				  DATA	      D0
PT0				  BIT	      B9
PT1				  BIT	      BB
PX0				  BIT	      B8
PX1				  BIT	      BA
RB8				  BIT	      9A
RD				  BIT	      B7
REN				  BIT	      9C
RESET				  CODE	    0000
RI				  BIT	      98
RS0				  BIT	      D3
RS1				  BIT	      D4
RXD				  BIT	      B0
SBUF				  DATA	      99
SCON				  DATA	      98
SINT				  CODE	    0023
SM0				  BIT	      9F
SM1				  BIT	      9E
SM2				  BIT	      9D
SP				  DATA	      81
START				  CODE	    0174	  84
T0				  BIT	      B4
T1				  BIT	      B5
TB8				  BIT	      9B
TCON				  DATA	      88
TF0				  BIT	      8D
TF1				  BIT	      8F
TH0				  DATA	      8C
TH1				  DATA	      8D
TI				  BIT	      99
TIMER0				  CODE	    000B
TIMER1				  CODE	    001B
TL0				  DATA	      8A
TL1				  DATA	      8B
TMOD				  DATA	      89
TR0				  BIT	      8C
TR1				  BIT	      8E
TULISAN				  CODE	    015E	  74
TXD				  BIT	      B1
WR				  BIT	      B6
WR_DT				  CODE	    0143	  51
